0 info it worked if it ends with ok
1 verbose cli [ 'C:\\Program Files\\nodejs\\node.exe',
1 verbose cli   'C:\\Program Files\\nodejs\\node_modules\\npm\\bin\\npm-cli.js',
1 verbose cli   'run',
1 verbose cli   'build' ]
2 info using npm@3.9.3
3 info using node@v6.2.1
4 verbose run-script [ 'prebuild', 'build', 'postbuild' ]
5 info lifecycle Metro-fabric@0.1.0~prebuild: Metro-fabric@0.1.0
6 silly lifecycle Metro-fabric@0.1.0~prebuild: no script for prebuild, continuing
7 info lifecycle Metro-fabric@0.1.0~build: Metro-fabric@0.1.0
8 verbose lifecycle Metro-fabric@0.1.0~build: unsafe-perm in lifecycle true
9 verbose lifecycle Metro-fabric@0.1.0~build: PATH: C:\Program Files\nodejs\node_modules\npm\bin\node-gyp-bin;D:\workspace\domuttikadum\ngoapp\node_modules\.bin;C:\Program Files\nodejs;C:\ProgramData\Oracle\Java\javapath;C:\windows\system32;C:\windows;C:\windows\System32\Wbem;C:\windows\System32\WindowsPowerShell\v1.0\;C:\Program Files (x86)\ATI Technologies\ATI.ACE\Core-Static;C:\Program Files\nodejs\;C:\Program Files\Git\cmd;C:\Users\jiten.poddar\AppData\Roaming\npm;C:\Program Files (x86)\Microsoft VS Code\bin
10 verbose lifecycle Metro-fabric@0.1.0~build: CWD: D:\workspace\domuttikadum\ngoapp
11 silly lifecycle Metro-fabric@0.1.0~build: Args: [ '/d /s /c', 'webpack --config webpack.dev.config.js' ]
12 silly lifecycle Metro-fabric@0.1.0~build: Returned: code: 1  signal: null
13 info lifecycle Metro-fabric@0.1.0~build: Failed to exec build script
14 verbose stack Error: Metro-fabric@0.1.0 build: `webpack --config webpack.dev.config.js`
14 verbose stack Exit status 1
14 verbose stack     at EventEmitter.<anonymous> (C:\Program Files\nodejs\node_modules\npm\lib\utils\lifecycle.js:245:16)
14 verbose stack     at emitTwo (events.js:106:13)
14 verbose stack     at EventEmitter.emit (events.js:191:7)
14 verbose stack     at ChildProcess.<anonymous> (C:\Program Files\nodejs\node_modules\npm\lib\utils\spawn.js:24:14)
14 verbose stack     at emitTwo (events.js:106:13)
14 verbose stack     at ChildProcess.emit (events.js:191:7)
14 verbose stack     at maybeClose (internal/child_process.js:852:16)
14 verbose stack     at Process.ChildProcess._handle.onexit (internal/child_process.js:215:5)
15 verbose pkgid Metro-fabric@0.1.0
16 verbose cwd D:\workspace\domuttikadum\ngoapp
17 error Windows_NT 6.3.9600
18 error argv "C:\\Program Files\\nodejs\\node.exe" "C:\\Program Files\\nodejs\\node_modules\\npm\\bin\\npm-cli.js" "run" "build"
19 error node v6.2.1
20 error npm  v3.9.3
21 error code ELIFECYCLE
22 error Metro-fabric@0.1.0 build: `webpack --config webpack.dev.config.js`
22 error Exit status 1
23 error Failed at the Metro-fabric@0.1.0 build script 'webpack --config webpack.dev.config.js'.
23 error Make sure you have the latest version of node.js and npm installed.
23 error If you do, this is most likely a problem with the Metro-fabric package,
23 error not with npm itself.
23 error Tell the author that this fails on your system:
23 error     webpack --config webpack.dev.config.js
23 error You can get information on how to open an issue for this project with:
23 error     npm bugs Metro-fabric
23 error Or if that isn't available, you can get their info via:
23 error     npm owner ls Metro-fabric
23 error There is likely additional logging output above.
24 verbose exit [ 1, true ]
